  [1m[36m (402.5ms)[0m  [1mCREATE TABLE "schema_migrations" ("version" character varying NOT NULL) [0m
  [1m[35m (29.4ms)[0m  CREATE UNIQUE INDEX  "unique_schema_migrations" ON "schema_migrations"  ("version")
  [1m[36mActiveRecord::SchemaMigration Load (1.7ms)[0m  [1mSELECT "schema_migrations".* FROM "schema_migrations"[0m
Migrating to CreateJokes (20151031210610)
  [1m[35m (1.3ms)[0m  BEGIN
  [1m[36m (81.8ms)[0m  [1mCREATE TABLE "jokes" ("id" serial primary key, "question" character varying NOT NULL, "answer" character varying NOT NULL) [0m
  [1m[35mSQL (0.4ms)[0m  INSERT INTO "schema_migrations" ("version") VALUES ($1)  [["version", "20151031210610"]]
  [1m[36m (1.3ms)[0m  [1mCOMMIT[0m
  [1m[35mActiveRecord::SchemaMigration Load (0.4ms)[0m  SELECT "schema_migrations".* FROM "schema_migrations"
  [1m[36m (5.5ms)[0m  [1mSELECT t2.oid::regclass::text AS to_table, a1.attname AS column, a2.attname AS primary_key, c.conname AS name, c.confupdtype AS on_update, c.confdeltype AS on_delete
FROM pg_constraint c
JOIN pg_class t1 ON c.conrelid = t1.oid
JOIN pg_class t2 ON c.confrelid = t2.oid
JOIN pg_attribute a1 ON a1.attnum = c.conkey[1] AND a1.attrelid = t1.oid
JOIN pg_attribute a2 ON a2.attnum = c.confkey[1] AND a2.attrelid = t2.oid
JOIN pg_namespace t3 ON c.connamespace = t3.oid
WHERE c.contype = 'f'
  AND t1.relname = 'jokes'
  AND t3.nspname = ANY (current_schemas(false))
ORDER BY c.conname
[0m
  [1m[36mActiveRecord::SchemaMigration Load (0.5ms)[0m  [1mSELECT "schema_migrations".* FROM "schema_migrations"[0m
  [1m[35mActiveRecord::SchemaMigration Load (0.3ms)[0m  SELECT "schema_migrations".* FROM "schema_migrations"
Migrating to CreateJokes (20151031210610)
  [1m[36m (0.1ms)[0m  [1mBEGIN[0m
  [1m[35m (62.3ms)[0m  DROP TABLE "jokes"
  [1m[36mSQL (10.7ms)[0m  [1mDELETE FROM "schema_migrations" WHERE "schema_migrations"."version" = $1[0m  [["version", "20151031210610"]]
  [1m[35m (35.7ms)[0m  COMMIT
  [1m[36mActiveRecord::SchemaMigration Load (0.3ms)[0m  [1mSELECT "schema_migrations".* FROM "schema_migrations"[0m
  [1m[36mActiveRecord::SchemaMigration Load (0.4ms)[0m  [1mSELECT "schema_migrations".* FROM "schema_migrations"[0m
Migrating to CreateJokes (20151031210610)
  [1m[35m (0.2ms)[0m  BEGIN
  [1m[36m (28.9ms)[0m  [1mCREATE TABLE "jokes" ("id" serial primary key, "question" character varying NOT NULL, "answer" character varying NOT NULL) [0m
  [1m[35mSQL (0.4ms)[0m  INSERT INTO "schema_migrations" ("version") VALUES ($1)  [["version", "20151031210610"]]
  [1m[36m (1.5ms)[0m  [1mCOMMIT[0m
  [1m[35mActiveRecord::SchemaMigration Load (0.3ms)[0m  SELECT "schema_migrations".* FROM "schema_migrations"
  [1m[36m (4.0ms)[0m  [1mSELECT t2.oid::regclass::text AS to_table, a1.attname AS column, a2.attname AS primary_key, c.conname AS name, c.confupdtype AS on_update, c.confdeltype AS on_delete
FROM pg_constraint c
JOIN pg_class t1 ON c.conrelid = t1.oid
JOIN pg_class t2 ON c.confrelid = t2.oid
JOIN pg_attribute a1 ON a1.attnum = c.conkey[1] AND a1.attrelid = t1.oid
JOIN pg_attribute a2 ON a2.attnum = c.confkey[1] AND a2.attrelid = t2.oid
JOIN pg_namespace t3 ON c.connamespace = t3.oid
WHERE c.contype = 'f'
  AND t1.relname = 'jokes'
  AND t3.nspname = ANY (current_schemas(false))
ORDER BY c.conname
[0m
  [1m[36m (8.2ms)[0m  [1mDROP DATABASE IF EXISTS "dad-jokes_test"[0m
  [1m[35m (1163.8ms)[0m  CREATE DATABASE "dad-jokes_test" ENCODING = 'unicode'
  [1m[36mSQL (131.7ms)[0m  [1mCREATE EXTENSION IF NOT EXISTS "plpgsql"[0m
  [1m[35m (65.3ms)[0m  CREATE TABLE "jokes" ("id" serial primary key, "question" character varying NOT NULL, "answer" character varying NOT NULL) 
  [1m[36m (6.2ms)[0m  [1mCREATE TABLE "schema_migrations" ("version" character varying NOT NULL) [0m
  [1m[35m (3.2ms)[0m  CREATE UNIQUE INDEX  "unique_schema_migrations" ON "schema_migrations"  ("version")
  [1m[36m (0.4ms)[0m  [1mSELECT version FROM "schema_migrations"[0m
  [1m[35m (1.4ms)[0m  INSERT INTO "schema_migrations" (version) VALUES ('20151031210610')
  [1m[36mActiveRecord::SchemaMigration Load (0.5ms)[0m  [1mSELECT "schema_migrations".* FROM "schema_migrations"[0m
  [1m[35mActiveRecord::SchemaMigration Load (0.2ms)[0m  SELECT "schema_migrations".* FROM "schema_migrations"
Migrating to CreateJokes (20151031210610)
  [1m[36m (0.2ms)[0m  [1mBEGIN[0m
  [1m[35m (29.9ms)[0m  DROP TABLE "jokes"
  [1m[36mSQL (0.5ms)[0m  [1mDELETE FROM "schema_migrations" WHERE "schema_migrations"."version" = $1[0m  [["version", "20151031210610"]]
  [1m[35m (61.0ms)[0m  COMMIT
  [1m[36mActiveRecord::SchemaMigration Load (0.2ms)[0m  [1mSELECT "schema_migrations".* FROM "schema_migrations"[0m
  [1m[36mActiveRecord::SchemaMigration Load (0.4ms)[0m  [1mSELECT "schema_migrations".* FROM "schema_migrations"[0m
Migrating to CreateJokes (20151031210610)
  [1m[35m (0.2ms)[0m  BEGIN
  [1m[36m (89.9ms)[0m  [1mCREATE TABLE "jokes" ("id" serial primary key, "setup" character varying NOT NULL, "punchline" character varying NOT NULL) [0m
  [1m[35mSQL (0.3ms)[0m  INSERT INTO "schema_migrations" ("version") VALUES ($1)  [["version", "20151031210610"]]
  [1m[36m (2.3ms)[0m  [1mCOMMIT[0m
  [1m[35mActiveRecord::SchemaMigration Load (0.5ms)[0m  SELECT "schema_migrations".* FROM "schema_migrations"
  [1m[36m (4.1ms)[0m  [1mSELECT t2.oid::regclass::text AS to_table, a1.attname AS column, a2.attname AS primary_key, c.conname AS name, c.confupdtype AS on_update, c.confdeltype AS on_delete
FROM pg_constraint c
JOIN pg_class t1 ON c.conrelid = t1.oid
JOIN pg_class t2 ON c.confrelid = t2.oid
JOIN pg_attribute a1 ON a1.attnum = c.conkey[1] AND a1.attrelid = t1.oid
JOIN pg_attribute a2 ON a2.attnum = c.confkey[1] AND a2.attrelid = t2.oid
JOIN pg_namespace t3 ON c.connamespace = t3.oid
WHERE c.contype = 'f'
  AND t1.relname = 'jokes'
  AND t3.nspname = ANY (current_schemas(false))
ORDER BY c.conname
[0m
  [1m[36m (515.1ms)[0m  [1mDROP DATABASE IF EXISTS "dad-jokes_test"[0m
  [1m[35m (987.1ms)[0m  CREATE DATABASE "dad-jokes_test" ENCODING = 'unicode'
  [1m[36mSQL (0.4ms)[0m  [1mCREATE EXTENSION IF NOT EXISTS "plpgsql"[0m
  [1m[35m (47.6ms)[0m  CREATE TABLE "jokes" ("id" serial primary key, "setup" character varying NOT NULL, "punchline" character varying NOT NULL) 
  [1m[36m (15.6ms)[0m  [1mCREATE TABLE "schema_migrations" ("version" character varying NOT NULL) [0m
  [1m[35m (3.1ms)[0m  CREATE UNIQUE INDEX  "unique_schema_migrations" ON "schema_migrations"  ("version")
  [1m[36m (0.6ms)[0m  [1mSELECT version FROM "schema_migrations"[0m
  [1m[35m (1.4ms)[0m  INSERT INTO "schema_migrations" (version) VALUES ('20151031210610')


Started GET "/" for ::1 at 2015-10-31 18:35:14 -0400
  [1m[36mActiveRecord::SchemaMigration Load (0.6ms)[0m  [1mSELECT "schema_migrations".* FROM "schema_migrations"[0m
Processing by Rails::WelcomeController#index as HTML
  Rendered /Users/JGert/.gem/ruby/2.1.5/gems/railties-4.2.4/lib/rails/templates/rails/welcome/index.html.erb (40.6ms)
Completed 200 OK in 177ms (Views: 177.3ms | ActiveRecord: 0.0ms)


Started GET "/" for ::1 at 2015-10-31 18:35:19 -0400
Processing by Rails::WelcomeController#index as HTML
  Rendered /Users/JGert/.gem/ruby/2.1.5/gems/railties-4.2.4/lib/rails/templates/rails/welcome/index.html.erb (0.0ms)
Completed 200 OK in 1ms (Views: 0.7ms | ActiveRecord: 0.0ms)


Started GET "/" for ::1 at 2015-10-31 20:19:10 -0400
  [1m[36mActiveRecord::SchemaMigration Load (0.7ms)[0m  [1mSELECT "schema_migrations".* FROM "schema_migrations"[0m
Processing by Rails::WelcomeController#index as HTML
  Rendered /Users/JGert/.gem/ruby/2.1.5/gems/railties-4.2.4/lib/rails/templates/rails/welcome/index.html.erb (58.2ms)
Completed 200 OK in 187ms (Views: 186.8ms | ActiveRecord: 0.0ms)


Started GET "/api/v1/jokes" for 127.0.0.1 at 2015-10-31 20:19:18 -0400

ActionController::RoutingError (uninitialized constant Api):
  activesupport (4.2.4) lib/active_support/inflector/methods.rb:261:in `const_get'
  activesupport (4.2.4) lib/active_support/inflector/methods.rb:261:in `block in constantize'
  activesupport (4.2.4) lib/active_support/inflector/methods.rb:259:in `each'
  activesupport (4.2.4) lib/active_support/inflector/methods.rb:259:in `inject'
  activesupport (4.2.4) lib/active_support/inflector/methods.rb:259:in `constantize'
  actionpack (4.2.4) lib/action_dispatch/routing/route_set.rb:72:in `controller_reference'
  actionpack (4.2.4) lib/action_dispatch/routing/route_set.rb:62:in `controller'
  actionpack (4.2.4) lib/action_dispatch/routing/route_set.rb:41:in `serve'
  actionpack (4.2.4) lib/action_dispatch/journey/router.rb:43:in `block in serve'
  actionpack (4.2.4) lib/action_dispatch/journey/router.rb:30:in `each'
  actionpack (4.2.4) lib/action_dispatch/journey/router.rb:30:in `serve'
  actionpack (4.2.4) lib/action_dispatch/routing/route_set.rb:821:in `call'
  rack (1.6.4) lib/rack/etag.rb:24:in `call'
  rack (1.6.4) lib/rack/conditionalget.rb:25:in `call'
  rack (1.6.4) lib/rack/head.rb:13:in `call'
  actionpack (4.2.4) lib/action_dispatch/middleware/params_parser.rb:27:in `call'
  actionpack (4.2.4) lib/action_dispatch/middleware/flash.rb:260:in `call'
  rack (1.6.4) lib/rack/session/abstract/id.rb:225:in `context'
  rack (1.6.4) lib/rack/session/abstract/id.rb:220:in `call'
  actionpack (4.2.4) lib/action_dispatch/middleware/cookies.rb:560:in `call'
  activerecord (4.2.4) lib/active_record/query_cache.rb:36:in `call'
  activerecord (4.2.4) lib/active_record/connection_adapters/abstract/connection_pool.rb:653:in `call'
  activerecord (4.2.4) lib/active_record/migration.rb:377:in `call'
  actionpack (4.2.4) lib/action_dispatch/middleware/callbacks.rb:29:in `block in call'
  activesupport (4.2.4) lib/active_support/callbacks.rb:88:in `__run_callbacks__'
  activesupport (4.2.4) lib/active_support/callbacks.rb:778:in `_run_call_callbacks'
  activesupport (4.2.4) lib/active_support/callbacks.rb:81:in `run_callbacks'
  actionpack (4.2.4) lib/action_dispatch/middleware/callbacks.rb:27:in `call'
  actionpack (4.2.4) lib/action_dispatch/middleware/reloader.rb:73:in `call'
  actionpack (4.2.4) lib/action_dispatch/middleware/remote_ip.rb:78:in `call'
  actionpack (4.2.4) lib/action_dispatch/middleware/debug_exceptions.rb:17:in `call'
  web-console (2.2.1) lib/web_console/middleware.rb:39:in `call'
  actionpack (4.2.4) lib/action_dispatch/middleware/show_exceptions.rb:30:in `call'
  railties (4.2.4) lib/rails/rack/logger.rb:38:in `call_app'
  railties (4.2.4) lib/rails/rack/logger.rb:20:in `block in call'
  activesupport (4.2.4) lib/active_support/tagged_logging.rb:68:in `block in tagged'
  activesupport (4.2.4) lib/active_support/tagged_logging.rb:26:in `tagged'
  activesupport (4.2.4) lib/active_support/tagged_logging.rb:68:in `tagged'
  railties (4.2.4) lib/rails/rack/logger.rb:20:in `call'
  actionpack (4.2.4) lib/action_dispatch/middleware/request_id.rb:21:in `call'
  rack (1.6.4) lib/rack/methodoverride.rb:22:in `call'
  rack (1.6.4) lib/rack/runtime.rb:18:in `call'
  activesupport (4.2.4) lib/active_support/cache/strategy/local_cache_middleware.rb:28:in `call'
  rack (1.6.4) lib/rack/lock.rb:17:in `call'
  actionpack (4.2.4) lib/action_dispatch/middleware/static.rb:116:in `call'
  rack (1.6.4) lib/rack/sendfile.rb:113:in `call'
  railties (4.2.4) lib/rails/engine.rb:518:in `call'
  railties (4.2.4) lib/rails/application.rb:165:in `call'
  rack (1.6.4) lib/rack/lock.rb:17:in `call'
  rack (1.6.4) lib/rack/content_length.rb:15:in `call'
  rack (1.6.4) lib/rack/handler/webrick.rb:88:in `service'
  /Users/JGert/.rubies/ruby-2.1.5/lib/ruby/2.1.0/webrick/httpserver.rb:138:in `service'
  /Users/JGert/.rubies/ruby-2.1.5/lib/ruby/2.1.0/webrick/httpserver.rb:94:in `run'
  /Users/JGert/.rubies/ruby-2.1.5/lib/ruby/2.1.0/webrick/server.rb:295:in `block in start_thread'


  Rendered /Users/JGert/.gem/ruby/2.1.5/gems/actionpack-4.2.4/lib/action_dispatch/middleware/templates/rescues/_trace.text.erb (0.6ms)
  Rendered /Users/JGert/.gem/ruby/2.1.5/gems/actionpack-4.2.4/lib/action_dispatch/middleware/templates/rescues/routing_error.text.erb (8.1ms)
  Rendered /Users/JGert/.gem/ruby/2.1.5/gems/web-console-2.2.1/lib/web_console/templates/_markup.html.erb (0.5ms)
  Rendered /Users/JGert/.gem/ruby/2.1.5/gems/web-console-2.2.1/lib/web_console/templates/_inner_console_markup.html.erb within layouts/inlined_string (0.3ms)
  Rendered /Users/JGert/.gem/ruby/2.1.5/gems/web-console-2.2.1/lib/web_console/templates/_prompt_box_markup.html.erb within layouts/inlined_string (0.3ms)
  Rendered /Users/JGert/.gem/ruby/2.1.5/gems/web-console-2.2.1/lib/web_console/templates/style.css.erb within layouts/inlined_string (0.3ms)
  Rendered /Users/JGert/.gem/ruby/2.1.5/gems/web-console-2.2.1/lib/web_console/templates/console.js.erb within layouts/javascript (27.8ms)
  Rendered /Users/JGert/.gem/ruby/2.1.5/gems/web-console-2.2.1/lib/web_console/templates/main.js.erb within layouts/javascript (0.4ms)
  Rendered /Users/JGert/.gem/ruby/2.1.5/gems/web-console-2.2.1/lib/web_console/templates/error_page.js.erb within layouts/javascript (0.3ms)
  Rendered /Users/JGert/.gem/ruby/2.1.5/gems/web-console-2.2.1/lib/web_console/templates/index.html.erb (114.8ms)


Started GET "/api/v1/jokes" for 127.0.0.1 at 2015-10-31 20:19:22 -0400

ActionController::RoutingError (uninitialized constant Api):
  activesupport (4.2.4) lib/active_support/inflector/methods.rb:261:in `const_get'
  activesupport (4.2.4) lib/active_support/inflector/methods.rb:261:in `block in constantize'
  activesupport (4.2.4) lib/active_support/inflector/methods.rb:259:in `each'
  activesupport (4.2.4) lib/active_support/inflector/methods.rb:259:in `inject'
  activesupport (4.2.4) lib/active_support/inflector/methods.rb:259:in `constantize'
  actionpack (4.2.4) lib/action_dispatch/routing/route_set.rb:72:in `controller_reference'
  actionpack (4.2.4) lib/action_dispatch/routing/route_set.rb:62:in `controller'
  actionpack (4.2.4) lib/action_dispatch/routing/route_set.rb:41:in `serve'
  actionpack (4.2.4) lib/action_dispatch/journey/router.rb:43:in `block in serve'
  actionpack (4.2.4) lib/action_dispatch/journey/router.rb:30:in `each'
  actionpack (4.2.4) lib/action_dispatch/journey/router.rb:30:in `serve'
  actionpack (4.2.4) lib/action_dispatch/routing/route_set.rb:821:in `call'
  rack (1.6.4) lib/rack/etag.rb:24:in `call'
  rack (1.6.4) lib/rack/conditionalget.rb:25:in `call'
  rack (1.6.4) lib/rack/head.rb:13:in `call'
  actionpack (4.2.4) lib/action_dispatch/middleware/params_parser.rb:27:in `call'
  actionpack (4.2.4) lib/action_dispatch/middleware/flash.rb:260:in `call'
  rack (1.6.4) lib/rack/session/abstract/id.rb:225:in `context'
  rack (1.6.4) lib/rack/session/abstract/id.rb:220:in `call'
  actionpack (4.2.4) lib/action_dispatch/middleware/cookies.rb:560:in `call'
  activerecord (4.2.4) lib/active_record/query_cache.rb:36:in `call'
  activerecord (4.2.4) lib/active_record/connection_adapters/abstract/connection_pool.rb:653:in `call'
  activerecord (4.2.4) lib/active_record/migration.rb:377:in `call'
  actionpack (4.2.4) lib/action_dispatch/middleware/callbacks.rb:29:in `block in call'
  activesupport (4.2.4) lib/active_support/callbacks.rb:88:in `__run_callbacks__'
  activesupport (4.2.4) lib/active_support/callbacks.rb:778:in `_run_call_callbacks'
  activesupport (4.2.4) lib/active_support/callbacks.rb:81:in `run_callbacks'
  actionpack (4.2.4) lib/action_dispatch/middleware/callbacks.rb:27:in `call'
  actionpack (4.2.4) lib/action_dispatch/middleware/reloader.rb:73:in `call'
  actionpack (4.2.4) lib/action_dispatch/middleware/remote_ip.rb:78:in `call'
  actionpack (4.2.4) lib/action_dispatch/middleware/debug_exceptions.rb:17:in `call'
  web-console (2.2.1) lib/web_console/middleware.rb:39:in `call'
  actionpack (4.2.4) lib/action_dispatch/middleware/show_exceptions.rb:30:in `call'
  railties (4.2.4) lib/rails/rack/logger.rb:38:in `call_app'
  railties (4.2.4) lib/rails/rack/logger.rb:20:in `block in call'
  activesupport (4.2.4) lib/active_support/tagged_logging.rb:68:in `block in tagged'
  activesupport (4.2.4) lib/active_support/tagged_logging.rb:26:in `tagged'
  activesupport (4.2.4) lib/active_support/tagged_logging.rb:68:in `tagged'
  railties (4.2.4) lib/rails/rack/logger.rb:20:in `call'
  actionpack (4.2.4) lib/action_dispatch/middleware/request_id.rb:21:in `call'
  rack (1.6.4) lib/rack/methodoverride.rb:22:in `call'
  rack (1.6.4) lib/rack/runtime.rb:18:in `call'
  activesupport (4.2.4) lib/active_support/cache/strategy/local_cache_middleware.rb:28:in `call'
  rack (1.6.4) lib/rack/lock.rb:17:in `call'
  actionpack (4.2.4) lib/action_dispatch/middleware/static.rb:116:in `call'
  rack (1.6.4) lib/rack/sendfile.rb:113:in `call'
  railties (4.2.4) lib/rails/engine.rb:518:in `call'
  railties (4.2.4) lib/rails/application.rb:165:in `call'
  rack (1.6.4) lib/rack/lock.rb:17:in `call'
  rack (1.6.4) lib/rack/content_length.rb:15:in `call'
  rack (1.6.4) lib/rack/handler/webrick.rb:88:in `service'
  /Users/JGert/.rubies/ruby-2.1.5/lib/ruby/2.1.0/webrick/httpserver.rb:138:in `service'
  /Users/JGert/.rubies/ruby-2.1.5/lib/ruby/2.1.0/webrick/httpserver.rb:94:in `run'
  /Users/JGert/.rubies/ruby-2.1.5/lib/ruby/2.1.0/webrick/server.rb:295:in `block in start_thread'


  Rendered /Users/JGert/.gem/ruby/2.1.5/gems/actionpack-4.2.4/lib/action_dispatch/middleware/templates/rescues/_trace.text.erb (0.4ms)
  Rendered /Users/JGert/.gem/ruby/2.1.5/gems/actionpack-4.2.4/lib/action_dispatch/middleware/templates/rescues/routing_error.text.erb (3.2ms)
  Rendered /Users/JGert/.gem/ruby/2.1.5/gems/web-console-2.2.1/lib/web_console/templates/_markup.html.erb (0.2ms)
  Rendered /Users/JGert/.gem/ruby/2.1.5/gems/web-console-2.2.1/lib/web_console/templates/_inner_console_markup.html.erb within layouts/inlined_string (0.2ms)
  Rendered /Users/JGert/.gem/ruby/2.1.5/gems/web-console-2.2.1/lib/web_console/templates/_prompt_box_markup.html.erb within layouts/inlined_string (0.2ms)
  Rendered /Users/JGert/.gem/ruby/2.1.5/gems/web-console-2.2.1/lib/web_console/templates/style.css.erb within layouts/inlined_string (0.2ms)
  Rendered /Users/JGert/.gem/ruby/2.1.5/gems/web-console-2.2.1/lib/web_console/templates/console.js.erb within layouts/javascript (10.0ms)
  Rendered /Users/JGert/.gem/ruby/2.1.5/gems/web-console-2.2.1/lib/web_console/templates/main.js.erb within layouts/javascript (0.2ms)
  Rendered /Users/JGert/.gem/ruby/2.1.5/gems/web-console-2.2.1/lib/web_console/templates/error_page.js.erb within layouts/javascript (0.3ms)
  Rendered /Users/JGert/.gem/ruby/2.1.5/gems/web-console-2.2.1/lib/web_console/templates/index.html.erb (21.0ms)
  [1m[36mActiveRecord::SchemaMigration Load (0.5ms)[0m  [1mSELECT "schema_migrations".* FROM "schema_migrations"[0m
  [1m[35m (0.2ms)[0m  BEGIN
  [1m[36mSQL (90.7ms)[0m  [1mINSERT INTO "jokes" ("setup", "punchline") VALUES ($1, $2) RETURNING "id"[0m  [["setup", "A roast beef sandwich walks into a bar"], ["punchline", "The bartender says \"Sorry, we don't serve food in here\""]]
  [1m[35m (488.5ms)[0m  COMMIT
  [1m[36m (0.2ms)[0m  [1mBEGIN[0m
  [1m[35mSQL (0.3ms)[0m  INSERT INTO "jokes" ("setup", "punchline") VALUES ($1, $2) RETURNING "id"  [["setup", "Did you hear about the Hispanic train thief?"], ["punchline", "He had loco motives."]]
  [1m[36m (183.2ms)[0m  [1mCOMMIT[0m
  [1m[35m (0.2ms)[0m  BEGIN
  [1m[36mSQL (51.6ms)[0m  [1mINSERT INTO "jokes" ("setup", "punchline") VALUES ($1, $2) RETURNING "id"[0m  [["setup", "Why did the scarecrow win an award?"], ["punchline", "Because he was outstanding in his field."]]
  [1m[35m (23.0ms)[0m  COMMIT
  [1m[36m (0.2ms)[0m  [1mBEGIN[0m
  [1m[35mSQL (0.3ms)[0m  INSERT INTO "jokes" ("setup", "punchline") VALUES ($1, $2) RETURNING "id"  [["setup", "Jim: \"I think that was the most beautiful wedding I've been to.\"\n          Sally: \"Why's that?\""], ["punchline", "Jim: \"Even the cake was in tiers!\""]]
  [1m[36m (9.7ms)[0m  [1mCOMMIT[0m


Started GET "/api/v1/jokes" for 127.0.0.1 at 2015-10-31 20:41:51 -0400
  [1m[36mActiveRecord::SchemaMigration Load (0.7ms)[0m  [1mSELECT "schema_migrations".* FROM "schema_migrations"[0m

ActionController::RoutingError (uninitialized constant Api):
  activesupport (4.2.4) lib/active_support/inflector/methods.rb:261:in `const_get'
  activesupport (4.2.4) lib/active_support/inflector/methods.rb:261:in `block in constantize'
  activesupport (4.2.4) lib/active_support/inflector/methods.rb:259:in `each'
  activesupport (4.2.4) lib/active_support/inflector/methods.rb:259:in `inject'
  activesupport (4.2.4) lib/active_support/inflector/methods.rb:259:in `constantize'
  actionpack (4.2.4) lib/action_dispatch/routing/route_set.rb:72:in `controller_reference'
  actionpack (4.2.4) lib/action_dispatch/routing/route_set.rb:62:in `controller'
  actionpack (4.2.4) lib/action_dispatch/routing/route_set.rb:41:in `serve'
  actionpack (4.2.4) lib/action_dispatch/journey/router.rb:43:in `block in serve'
  actionpack (4.2.4) lib/action_dispatch/journey/router.rb:30:in `each'
  actionpack (4.2.4) lib/action_dispatch/journey/router.rb:30:in `serve'
  actionpack (4.2.4) lib/action_dispatch/routing/route_set.rb:821:in `call'
  rack (1.6.4) lib/rack/etag.rb:24:in `call'
  rack (1.6.4) lib/rack/conditionalget.rb:25:in `call'
  rack (1.6.4) lib/rack/head.rb:13:in `call'
  actionpack (4.2.4) lib/action_dispatch/middleware/params_parser.rb:27:in `call'
  actionpack (4.2.4) lib/action_dispatch/middleware/flash.rb:260:in `call'
  rack (1.6.4) lib/rack/session/abstract/id.rb:225:in `context'
  rack (1.6.4) lib/rack/session/abstract/id.rb:220:in `call'
  actionpack (4.2.4) lib/action_dispatch/middleware/cookies.rb:560:in `call'
  activerecord (4.2.4) lib/active_record/query_cache.rb:36:in `call'
  activerecord (4.2.4) lib/active_record/connection_adapters/abstract/connection_pool.rb:653:in `call'
  activerecord (4.2.4) lib/active_record/migration.rb:377:in `call'
  actionpack (4.2.4) lib/action_dispatch/middleware/callbacks.rb:29:in `block in call'
  activesupport (4.2.4) lib/active_support/callbacks.rb:88:in `__run_callbacks__'
  activesupport (4.2.4) lib/active_support/callbacks.rb:778:in `_run_call_callbacks'
  activesupport (4.2.4) lib/active_support/callbacks.rb:81:in `run_callbacks'
  actionpack (4.2.4) lib/action_dispatch/middleware/callbacks.rb:27:in `call'
  actionpack (4.2.4) lib/action_dispatch/middleware/reloader.rb:73:in `call'
  actionpack (4.2.4) lib/action_dispatch/middleware/remote_ip.rb:78:in `call'
  actionpack (4.2.4) lib/action_dispatch/middleware/debug_exceptions.rb:17:in `call'
  web-console (2.2.1) lib/web_console/middleware.rb:39:in `call'
  actionpack (4.2.4) lib/action_dispatch/middleware/show_exceptions.rb:30:in `call'
  railties (4.2.4) lib/rails/rack/logger.rb:38:in `call_app'
  railties (4.2.4) lib/rails/rack/logger.rb:20:in `block in call'
  activesupport (4.2.4) lib/active_support/tagged_logging.rb:68:in `block in tagged'
  activesupport (4.2.4) lib/active_support/tagged_logging.rb:26:in `tagged'
  activesupport (4.2.4) lib/active_support/tagged_logging.rb:68:in `tagged'
  railties (4.2.4) lib/rails/rack/logger.rb:20:in `call'
  actionpack (4.2.4) lib/action_dispatch/middleware/request_id.rb:21:in `call'
  rack (1.6.4) lib/rack/methodoverride.rb:22:in `call'
  rack (1.6.4) lib/rack/runtime.rb:18:in `call'
  activesupport (4.2.4) lib/active_support/cache/strategy/local_cache_middleware.rb:28:in `call'
  rack (1.6.4) lib/rack/lock.rb:17:in `call'
  actionpack (4.2.4) lib/action_dispatch/middleware/static.rb:116:in `call'
  rack (1.6.4) lib/rack/sendfile.rb:113:in `call'
  railties (4.2.4) lib/rails/engine.rb:518:in `call'
  railties (4.2.4) lib/rails/application.rb:165:in `call'
  rack (1.6.4) lib/rack/lock.rb:17:in `call'
  rack (1.6.4) lib/rack/content_length.rb:15:in `call'
  rack (1.6.4) lib/rack/handler/webrick.rb:88:in `service'
  /Users/JGert/.rubies/ruby-2.1.5/lib/ruby/2.1.0/webrick/httpserver.rb:138:in `service'
  /Users/JGert/.rubies/ruby-2.1.5/lib/ruby/2.1.0/webrick/httpserver.rb:94:in `run'
  /Users/JGert/.rubies/ruby-2.1.5/lib/ruby/2.1.0/webrick/server.rb:295:in `block in start_thread'


  Rendered /Users/JGert/.gem/ruby/2.1.5/gems/actionpack-4.2.4/lib/action_dispatch/middleware/templates/rescues/_trace.text.erb (0.8ms)
  Rendered /Users/JGert/.gem/ruby/2.1.5/gems/actionpack-4.2.4/lib/action_dispatch/middleware/templates/rescues/routing_error.text.erb (56.1ms)
  Rendered /Users/JGert/.gem/ruby/2.1.5/gems/web-console-2.2.1/lib/web_console/templates/_markup.html.erb (0.4ms)
  Rendered /Users/JGert/.gem/ruby/2.1.5/gems/web-console-2.2.1/lib/web_console/templates/_inner_console_markup.html.erb within layouts/inlined_string (0.5ms)
  Rendered /Users/JGert/.gem/ruby/2.1.5/gems/web-console-2.2.1/lib/web_console/templates/_prompt_box_markup.html.erb within layouts/inlined_string (0.3ms)
  Rendered /Users/JGert/.gem/ruby/2.1.5/gems/web-console-2.2.1/lib/web_console/templates/style.css.erb within layouts/inlined_string (0.3ms)
  Rendered /Users/JGert/.gem/ruby/2.1.5/gems/web-console-2.2.1/lib/web_console/templates/console.js.erb within layouts/javascript (73.2ms)
  Rendered /Users/JGert/.gem/ruby/2.1.5/gems/web-console-2.2.1/lib/web_console/templates/main.js.erb within layouts/javascript (0.3ms)
  Rendered /Users/JGert/.gem/ruby/2.1.5/gems/web-console-2.2.1/lib/web_console/templates/error_page.js.erb within layouts/javascript (0.6ms)
  Rendered /Users/JGert/.gem/ruby/2.1.5/gems/web-console-2.2.1/lib/web_console/templates/index.html.erb (169.9ms)


Started GET "/api/v1/jokes" for 127.0.0.1 at 2015-10-31 20:58:56 -0400
Processing by Api::V1::JokesController#index as JSON
  [1m[35mJoke Load (1.0ms)[0m  SELECT "jokes".* FROM "jokes"
Completed 200 OK in 101ms (Views: 18.4ms | ActiveRecord: 5.1ms)


Started GET "/api/v1/jokes" for 127.0.0.1 at 2015-10-31 21:08:26 -0400
Processing by Api::V1::JokesController#index as JSON
  [1m[36mJoke Load (0.4ms)[0m  [1mSELECT "jokes".* FROM "jokes"[0m
Completed 200 OK in 28ms (Views: 6.8ms | ActiveRecord: 3.0ms)


Started GET "/" for ::1 at 2015-10-31 21:08:29 -0400
Processing by Rails::WelcomeController#index as HTML
  Rendered /Users/JGert/.gem/ruby/2.1.5/gems/railties-4.2.4/lib/rails/templates/rails/welcome/index.html.erb (0.9ms)
Completed 200 OK in 65ms (Views: 64.9ms | ActiveRecord: 0.0ms)


Started GET "/" for ::1 at 2015-10-31 21:08:30 -0400
Processing by Rails::WelcomeController#index as HTML
  Rendered /Users/JGert/.gem/ruby/2.1.5/gems/railties-4.2.4/lib/rails/templates/rails/welcome/index.html.erb (0.1ms)
Completed 200 OK in 1ms (Views: 0.7ms | ActiveRecord: 0.0ms)


Started GET "/jokes" for ::1 at 2015-10-31 21:08:35 -0400

ActionController::RoutingError (No route matches [GET] "/jokes"):
  actionpack (4.2.4) lib/action_dispatch/middleware/debug_exceptions.rb:21:in `call'
  web-console (2.2.1) lib/web_console/middleware.rb:39:in `call'
  actionpack (4.2.4) lib/action_dispatch/middleware/show_exceptions.rb:30:in `call'
  railties (4.2.4) lib/rails/rack/logger.rb:38:in `call_app'
  railties (4.2.4) lib/rails/rack/logger.rb:20:in `block in call'
  activesupport (4.2.4) lib/active_support/tagged_logging.rb:68:in `block in tagged'
  activesupport (4.2.4) lib/active_support/tagged_logging.rb:26:in `tagged'
  activesupport (4.2.4) lib/active_support/tagged_logging.rb:68:in `tagged'
  railties (4.2.4) lib/rails/rack/logger.rb:20:in `call'
  actionpack (4.2.4) lib/action_dispatch/middleware/request_id.rb:21:in `call'
  rack (1.6.4) lib/rack/methodoverride.rb:22:in `call'
  rack (1.6.4) lib/rack/runtime.rb:18:in `call'
  activesupport (4.2.4) lib/active_support/cache/strategy/local_cache_middleware.rb:28:in `call'
  rack (1.6.4) lib/rack/lock.rb:17:in `call'
  actionpack (4.2.4) lib/action_dispatch/middleware/static.rb:116:in `call'
  rack (1.6.4) lib/rack/sendfile.rb:113:in `call'
  railties (4.2.4) lib/rails/engine.rb:518:in `call'
  railties (4.2.4) lib/rails/application.rb:165:in `call'
  rack (1.6.4) lib/rack/lock.rb:17:in `call'
  rack (1.6.4) lib/rack/content_length.rb:15:in `call'
  rack (1.6.4) lib/rack/handler/webrick.rb:88:in `service'
  /Users/JGert/.rubies/ruby-2.1.5/lib/ruby/2.1.0/webrick/httpserver.rb:138:in `service'
  /Users/JGert/.rubies/ruby-2.1.5/lib/ruby/2.1.0/webrick/httpserver.rb:94:in `run'
  /Users/JGert/.rubies/ruby-2.1.5/lib/ruby/2.1.0/webrick/server.rb:295:in `block in start_thread'


  Rendered /Users/JGert/.gem/ruby/2.1.5/gems/actionpack-4.2.4/lib/action_dispatch/middleware/templates/rescues/_trace.html.erb (1.3ms)
  Rendered /Users/JGert/.gem/ruby/2.1.5/gems/actionpack-4.2.4/lib/action_dispatch/middleware/templates/routes/_route.html.erb (1.2ms)
  Rendered /Users/JGert/.gem/ruby/2.1.5/gems/actionpack-4.2.4/lib/action_dispatch/middleware/templates/routes/_table.html.erb (110.0ms)
  Rendered /Users/JGert/.gem/ruby/2.1.5/gems/actionpack-4.2.4/lib/action_dispatch/middleware/templates/rescues/_request_and_response.html.erb (55.6ms)
  Rendered /Users/JGert/.gem/ruby/2.1.5/gems/actionpack-4.2.4/lib/action_dispatch/middleware/templates/rescues/routing_error.html.erb within rescues/layout (210.9ms)
  Rendered /Users/JGert/.gem/ruby/2.1.5/gems/web-console-2.2.1/lib/web_console/templates/_markup.html.erb (0.5ms)
  Rendered /Users/JGert/.gem/ruby/2.1.5/gems/web-console-2.2.1/lib/web_console/templates/_inner_console_markup.html.erb within layouts/inlined_string (0.3ms)
  Rendered /Users/JGert/.gem/ruby/2.1.5/gems/web-console-2.2.1/lib/web_console/templates/_prompt_box_markup.html.erb within layouts/inlined_string (0.5ms)
  Rendered /Users/JGert/.gem/ruby/2.1.5/gems/web-console-2.2.1/lib/web_console/templates/style.css.erb within layouts/inlined_string (0.4ms)
  Rendered /Users/JGert/.gem/ruby/2.1.5/gems/web-console-2.2.1/lib/web_console/templates/console.js.erb within layouts/javascript (62.2ms)
  Rendered /Users/JGert/.gem/ruby/2.1.5/gems/web-console-2.2.1/lib/web_console/templates/main.js.erb within layouts/javascript (0.4ms)
  Rendered /Users/JGert/.gem/ruby/2.1.5/gems/web-console-2.2.1/lib/web_console/templates/error_page.js.erb within layouts/javascript (0.4ms)
  Rendered /Users/JGert/.gem/ruby/2.1.5/gems/web-console-2.2.1/lib/web_console/templates/index.html.erb (162.2ms)


Started GET "/api/v1jokes" for ::1 at 2015-10-31 21:08:48 -0400

ActionController::RoutingError (No route matches [GET] "/api/v1jokes"):
  actionpack (4.2.4) lib/action_dispatch/middleware/debug_exceptions.rb:21:in `call'
  web-console (2.2.1) lib/web_console/middleware.rb:39:in `call'
  actionpack (4.2.4) lib/action_dispatch/middleware/show_exceptions.rb:30:in `call'
  railties (4.2.4) lib/rails/rack/logger.rb:38:in `call_app'
  railties (4.2.4) lib/rails/rack/logger.rb:20:in `block in call'
  activesupport (4.2.4) lib/active_support/tagged_logging.rb:68:in `block in tagged'
  activesupport (4.2.4) lib/active_support/tagged_logging.rb:26:in `tagged'
  activesupport (4.2.4) lib/active_support/tagged_logging.rb:68:in `tagged'
  railties (4.2.4) lib/rails/rack/logger.rb:20:in `call'
  actionpack (4.2.4) lib/action_dispatch/middleware/request_id.rb:21:in `call'
  rack (1.6.4) lib/rack/methodoverride.rb:22:in `call'
  rack (1.6.4) lib/rack/runtime.rb:18:in `call'
  activesupport (4.2.4) lib/active_support/cache/strategy/local_cache_middleware.rb:28:in `call'
  rack (1.6.4) lib/rack/lock.rb:17:in `call'
  actionpack (4.2.4) lib/action_dispatch/middleware/static.rb:116:in `call'
  rack (1.6.4) lib/rack/sendfile.rb:113:in `call'
  railties (4.2.4) lib/rails/engine.rb:518:in `call'
  railties (4.2.4) lib/rails/application.rb:165:in `call'
  rack (1.6.4) lib/rack/lock.rb:17:in `call'
  rack (1.6.4) lib/rack/content_length.rb:15:in `call'
  rack (1.6.4) lib/rack/handler/webrick.rb:88:in `service'
  /Users/JGert/.rubies/ruby-2.1.5/lib/ruby/2.1.0/webrick/httpserver.rb:138:in `service'
  /Users/JGert/.rubies/ruby-2.1.5/lib/ruby/2.1.0/webrick/httpserver.rb:94:in `run'
  /Users/JGert/.rubies/ruby-2.1.5/lib/ruby/2.1.0/webrick/server.rb:295:in `block in start_thread'


  Rendered /Users/JGert/.gem/ruby/2.1.5/gems/actionpack-4.2.4/lib/action_dispatch/middleware/templates/rescues/_trace.html.erb (1.3ms)
  Rendered /Users/JGert/.gem/ruby/2.1.5/gems/actionpack-4.2.4/lib/action_dispatch/middleware/templates/routes/_route.html.erb (0.9ms)
  Rendered /Users/JGert/.gem/ruby/2.1.5/gems/actionpack-4.2.4/lib/action_dispatch/middleware/templates/routes/_table.html.erb (1.2ms)
  Rendered /Users/JGert/.gem/ruby/2.1.5/gems/actionpack-4.2.4/lib/action_dispatch/middleware/templates/rescues/_request_and_response.html.erb (1.0ms)
  Rendered /Users/JGert/.gem/ruby/2.1.5/gems/actionpack-4.2.4/lib/action_dispatch/middleware/templates/rescues/routing_error.html.erb within rescues/layout (17.2ms)
  Rendered /Users/JGert/.gem/ruby/2.1.5/gems/web-console-2.2.1/lib/web_console/templates/_markup.html.erb (0.5ms)
  Rendered /Users/JGert/.gem/ruby/2.1.5/gems/web-console-2.2.1/lib/web_console/templates/_inner_console_markup.html.erb within layouts/inlined_string (0.3ms)
  Rendered /Users/JGert/.gem/ruby/2.1.5/gems/web-console-2.2.1/lib/web_console/templates/_prompt_box_markup.html.erb within layouts/inlined_string (0.3ms)
  Rendered /Users/JGert/.gem/ruby/2.1.5/gems/web-console-2.2.1/lib/web_console/templates/style.css.erb within layouts/inlined_string (0.4ms)
  Rendered /Users/JGert/.gem/ruby/2.1.5/gems/web-console-2.2.1/lib/web_console/templates/console.js.erb within layouts/javascript (12.1ms)
  Rendered /Users/JGert/.gem/ruby/2.1.5/gems/web-console-2.2.1/lib/web_console/templates/main.js.erb within layouts/javascript (0.4ms)
  Rendered /Users/JGert/.gem/ruby/2.1.5/gems/web-console-2.2.1/lib/web_console/templates/error_page.js.erb within layouts/javascript (0.5ms)
  Rendered /Users/JGert/.gem/ruby/2.1.5/gems/web-console-2.2.1/lib/web_console/templates/index.html.erb (25.3ms)


Started GET "/api/v1/jokes" for ::1 at 2015-10-31 21:08:58 -0400
Processing by Api::V1::JokesController#index as HTML
  [1m[35mJoke Load (0.3ms)[0m  SELECT "jokes".* FROM "jokes"
Completed 200 OK in 6ms (Views: 5.1ms | ActiveRecord: 0.3ms)


Started GET "/api/v1/jokes" for 127.0.0.1 at 2015-10-31 21:10:37 -0400
Processing by Api::V1::JokesController#index as JSON
  [1m[36mJoke Load (0.5ms)[0m  [1mSELECT "jokes".* FROM "jokes"[0m
Completed 200 OK in 8ms (Views: 7.0ms | ActiveRecord: 0.5ms)


Started GET "/api/v1/jokes" for 127.0.0.1 at 2015-10-31 21:11:07 -0400
Processing by Api::V1::JokesController#index as JSON
  [1m[35mJoke Load (0.3ms)[0m  SELECT "jokes".* FROM "jokes"
Completed 200 OK in 4ms (Views: 3.9ms | ActiveRecord: 0.3ms)


Started GET "/api/v1/jokes" for 127.0.0.1 at 2015-10-31 21:11:09 -0400
Processing by Api::V1::JokesController#index as JSON
  [1m[36mJoke Load (0.5ms)[0m  [1mSELECT "jokes".* FROM "jokes"[0m
Completed 200 OK in 8ms (Views: 6.8ms | ActiveRecord: 0.5ms)


Started GET "/api/v1/jokes" for 127.0.0.1 at 2015-10-31 21:11:10 -0400
Processing by Api::V1::JokesController#index as JSON
  [1m[35mJoke Load (0.3ms)[0m  SELECT "jokes".* FROM "jokes"
Completed 200 OK in 16ms (Views: 15.0ms | ActiveRecord: 0.3ms)


Started GET "/api/v1/jokes" for 127.0.0.1 at 2015-10-31 21:13:22 -0400
Processing by Api::V1::JokesController#index as JSON
  [1m[36mJoke Load (0.5ms)[0m  [1mSELECT "jokes".* FROM "jokes"[0m
Completed 200 OK in 7ms (Views: 6.3ms | ActiveRecord: 0.5ms)


Started GET "/api/v1/jokes" for 127.0.0.1 at 2015-10-31 21:13:37 -0400
Processing by Api::V1::JokesController#index as JSON
  [1m[35mJoke Load (0.3ms)[0m  SELECT "jokes".* FROM "jokes"
Completed 200 OK in 4ms (Views: 3.9ms | ActiveRecord: 0.3ms)


Started GET "/api/v1/jokes/1" for 127.0.0.1 at 2015-10-31 21:13:44 -0400
Processing by Api::V1::JokesController#show as JSON
  Parameters: {"id"=>"1"}
  [1m[36mJoke Load (72.0ms)[0m  [1mSELECT  "jokes".* FROM "jokes" WHERE "jokes"."id" = $1 LIMIT 1[0m  [["id", 1]]
Completed 200 OK in 355ms (Views: 1.0ms | ActiveRecord: 72.3ms)


Started GET "/api/v1/jokes/1" for 127.0.0.1 at 2015-10-31 21:58:45 -0400
Processing by Api::V1::JokesController#show as JSON
  Parameters: {"id"=>"1"}
  [1m[35mJoke Load (3.8ms)[0m  SELECT  "jokes".* FROM "jokes" WHERE "jokes"."id" = $1 LIMIT 1  [["id", 1]]
Completed 200 OK in 17ms (Views: 5.8ms | ActiveRecord: 3.8ms)


Started GET "/api/v1/jokes" for 127.0.0.1 at 2015-10-31 21:58:46 -0400
Processing by Api::V1::JokesController#index as JSON
  [1m[36mJoke Load (0.7ms)[0m  [1mSELECT "jokes".* FROM "jokes"[0m
Completed 200 OK in 27ms (Views: 19.4ms | ActiveRecord: 0.7ms)


Started GET "/api/v1/jokes" for 127.0.0.1 at 2015-10-31 21:59:27 -0400
Processing by Api::V1::JokesController#index as JSON
  [1m[35mJoke Load (0.6ms)[0m  SELECT "jokes".* FROM "jokes"
Completed 200 OK in 17ms (Views: 16.0ms | ActiveRecord: 0.6ms)


Started GET "/api/v1/jokes" for 127.0.0.1 at 2015-10-31 22:07:25 -0400
Processing by Api::V1::JokesController#index as JSON
  [1m[36mJoke Load (0.4ms)[0m  [1mSELECT "jokes".* FROM "jokes"[0m
Completed 200 OK in 8ms (Views: 7.4ms | ActiveRecord: 0.4ms)


Started GET "/api/v1/jokes" for 127.0.0.1 at 2015-10-31 22:14:13 -0400
Processing by Api::V1::JokesController#index as JSON
  [1m[35mJoke Load (0.5ms)[0m  SELECT "jokes".* FROM "jokes"
Completed 200 OK in 13ms (Views: 11.0ms | ActiveRecord: 0.5ms)


Started GET "/" for ::1 at 2015-10-31 22:14:18 -0400
Processing by Rails::WelcomeController#index as HTML
  Rendered /Users/JGert/.gem/ruby/2.1.5/gems/railties-4.2.4/lib/rails/templates/rails/welcome/index.html.erb (0.4ms)
Completed 200 OK in 76ms (Views: 75.7ms | ActiveRecord: 0.0ms)


Started GET "/" for ::1 at 2015-10-31 22:14:18 -0400
Processing by Rails::WelcomeController#index as HTML
  Rendered /Users/JGert/.gem/ruby/2.1.5/gems/railties-4.2.4/lib/rails/templates/rails/welcome/index.html.erb (0.1ms)
Completed 200 OK in 1ms (Views: 1.1ms | ActiveRecord: 0.0ms)


Started GET "/jokes" for ::1 at 2015-10-31 22:14:22 -0400

ActionController::RoutingError (No route matches [GET] "/jokes"):
  actionpack (4.2.4) lib/action_dispatch/middleware/debug_exceptions.rb:21:in `call'
  web-console (2.2.1) lib/web_console/middleware.rb:39:in `call'
  actionpack (4.2.4) lib/action_dispatch/middleware/show_exceptions.rb:30:in `call'
  railties (4.2.4) lib/rails/rack/logger.rb:38:in `call_app'
  railties (4.2.4) lib/rails/rack/logger.rb:20:in `block in call'
  activesupport (4.2.4) lib/active_support/tagged_logging.rb:68:in `block in tagged'
  activesupport (4.2.4) lib/active_support/tagged_logging.rb:26:in `tagged'
  activesupport (4.2.4) lib/active_support/tagged_logging.rb:68:in `tagged'
  railties (4.2.4) lib/rails/rack/logger.rb:20:in `call'
  actionpack (4.2.4) lib/action_dispatch/middleware/request_id.rb:21:in `call'
  rack (1.6.4) lib/rack/methodoverride.rb:22:in `call'
  rack (1.6.4) lib/rack/runtime.rb:18:in `call'
  activesupport (4.2.4) lib/active_support/cache/strategy/local_cache_middleware.rb:28:in `call'
  rack (1.6.4) lib/rack/lock.rb:17:in `call'
  actionpack (4.2.4) lib/action_dispatch/middleware/static.rb:116:in `call'
  rack (1.6.4) lib/rack/sendfile.rb:113:in `call'
  railties (4.2.4) lib/rails/engine.rb:518:in `call'
  railties (4.2.4) lib/rails/application.rb:165:in `call'
  rack (1.6.4) lib/rack/lock.rb:17:in `call'
  rack (1.6.4) lib/rack/content_length.rb:15:in `call'
  rack (1.6.4) lib/rack/handler/webrick.rb:88:in `service'
  /Users/JGert/.rubies/ruby-2.1.5/lib/ruby/2.1.0/webrick/httpserver.rb:138:in `service'
  /Users/JGert/.rubies/ruby-2.1.5/lib/ruby/2.1.0/webrick/httpserver.rb:94:in `run'
  /Users/JGert/.rubies/ruby-2.1.5/lib/ruby/2.1.0/webrick/server.rb:295:in `block in start_thread'


  Rendered /Users/JGert/.gem/ruby/2.1.5/gems/actionpack-4.2.4/lib/action_dispatch/middleware/templates/rescues/_trace.html.erb (3.1ms)
  Rendered /Users/JGert/.gem/ruby/2.1.5/gems/actionpack-4.2.4/lib/action_dispatch/middleware/templates/routes/_route.html.erb (2.5ms)
  Rendered /Users/JGert/.gem/ruby/2.1.5/gems/actionpack-4.2.4/lib/action_dispatch/middleware/templates/routes/_table.html.erb (2.9ms)
  Rendered /Users/JGert/.gem/ruby/2.1.5/gems/actionpack-4.2.4/lib/action_dispatch/middleware/templates/rescues/_request_and_response.html.erb (2.9ms)
  Rendered /Users/JGert/.gem/ruby/2.1.5/gems/actionpack-4.2.4/lib/action_dispatch/middleware/templates/rescues/routing_error.html.erb within rescues/layout (40.0ms)
  Rendered /Users/JGert/.gem/ruby/2.1.5/gems/web-console-2.2.1/lib/web_console/templates/_markup.html.erb (0.7ms)
  Rendered /Users/JGert/.gem/ruby/2.1.5/gems/web-console-2.2.1/lib/web_console/templates/_inner_console_markup.html.erb within layouts/inlined_string (0.4ms)
  Rendered /Users/JGert/.gem/ruby/2.1.5/gems/web-console-2.2.1/lib/web_console/templates/_prompt_box_markup.html.erb within layouts/inlined_string (0.5ms)
  Rendered /Users/JGert/.gem/ruby/2.1.5/gems/web-console-2.2.1/lib/web_console/templates/style.css.erb within layouts/inlined_string (1.0ms)
  Rendered /Users/JGert/.gem/ruby/2.1.5/gems/web-console-2.2.1/lib/web_console/templates/console.js.erb within layouts/javascript (53.2ms)
  Rendered /Users/JGert/.gem/ruby/2.1.5/gems/web-console-2.2.1/lib/web_console/templates/main.js.erb within layouts/javascript (0.5ms)
  Rendered /Users/JGert/.gem/ruby/2.1.5/gems/web-console-2.2.1/lib/web_console/templates/error_page.js.erb within layouts/javascript (0.6ms)
  Rendered /Users/JGert/.gem/ruby/2.1.5/gems/web-console-2.2.1/lib/web_console/templates/index.html.erb (249.4ms)


Started GET "/api/v1/jokes" for ::1 at 2015-10-31 22:14:30 -0400
Processing by Api::V1::JokesController#index as HTML
  [1m[36mJoke Load (0.4ms)[0m  [1mSELECT "jokes".* FROM "jokes"[0m
Completed 200 OK in 7ms (Views: 6.8ms | ActiveRecord: 0.4ms)


Started GET "/" for ::1 at 2015-10-31 22:19:16 -0400
Processing by Rails::WelcomeController#index as HTML
  Rendered /Users/JGert/.gem/ruby/2.1.5/gems/railties-4.2.4/lib/rails/templates/rails/welcome/index.html.erb (0.1ms)
Completed 200 OK in 1ms (Views: 0.8ms | ActiveRecord: 0.0ms)


Started GET "/api/v1/jokes" for ::1 at 2015-10-31 22:19:23 -0400
Processing by Api::V1::JokesController#index as HTML
  [1m[35mJoke Load (0.4ms)[0m  SELECT "jokes".* FROM "jokes"
Completed 200 OK in 8ms (Views: 7.0ms | ActiveRecord: 0.4ms)


Started GET "/" for ::1 at 2015-11-01 12:20:41 -0500
  [1m[36mActiveRecord::SchemaMigration Load (0.9ms)[0m  [1mSELECT "schema_migrations".* FROM "schema_migrations"[0m
Processing by Rails::WelcomeController#index as HTML
  Rendered /Users/JGert/.gem/ruby/2.1.5/gems/railties-4.2.4/lib/rails/templates/rails/welcome/index.html.erb (35.0ms)
Completed 200 OK in 178ms (Views: 177.5ms | ActiveRecord: 0.0ms)


Started GET "/api/v1/jokes" for 127.0.0.1 at 2015-11-01 12:20:49 -0500
Processing by Api::V1::JokesController#index as JSON
  [1m[35mJoke Load (1.0ms)[0m  SELECT "jokes".* FROM "jokes"
Completed 200 OK in 141ms (Views: 57.5ms | ActiveRecord: 54.7ms)


Started GET "/api/v1/jokes" for 127.0.0.1 at 2015-11-01 12:24:07 -0500
Processing by Api::V1::JokesController#index as JSON
  [1m[36mJoke Load (0.3ms)[0m  [1mSELECT "jokes".* FROM "jokes"[0m
Completed 200 OK in 4ms (Views: 3.9ms | ActiveRecord: 0.3ms)


Started GET "/api/v1/jokes" for 127.0.0.1 at 2015-11-01 12:24:21 -0500
Processing by Api::V1::JokesController#index as JSON
  [1m[35mJoke Load (0.6ms)[0m  SELECT "jokes".* FROM "jokes"
Completed 200 OK in 5ms (Views: 4.2ms | ActiveRecord: 0.6ms)


Started GET "/api/v1/jokes" for 127.0.0.1 at 2015-11-01 12:24:23 -0500
Processing by Api::V1::JokesController#index as JSON
  [1m[36mJoke Load (0.4ms)[0m  [1mSELECT "jokes".* FROM "jokes"[0m
Completed 200 OK in 5ms (Views: 4.0ms | ActiveRecord: 0.4ms)


Started GET "/api/v1/jokes" for 127.0.0.1 at 2015-11-01 12:24:45 -0500
Processing by Api::V1::JokesController#index as JSON
  [1m[35mJoke Load (0.6ms)[0m  SELECT "jokes".* FROM "jokes"
Completed 200 OK in 8ms (Views: 6.9ms | ActiveRecord: 0.6ms)


Started GET "/api/v1/jokes" for 127.0.0.1 at 2015-11-01 12:25:08 -0500
Processing by Api::V1::JokesController#index as JSON
  [1m[36mJoke Load (0.4ms)[0m  [1mSELECT "jokes".* FROM "jokes"[0m
Completed 200 OK in 5ms (Views: 4.2ms | ActiveRecord: 0.4ms)


Started GET "/api/v1/jokes" for 127.0.0.1 at 2015-11-01 12:25:17 -0500
Processing by Api::V1::JokesController#index as JSON
  [1m[35mJoke Load (0.6ms)[0m  SELECT "jokes".* FROM "jokes"
Completed 200 OK in 9ms (Views: 8.5ms | ActiveRecord: 0.6ms)


Started GET "/api/v1/jokes" for 127.0.0.1 at 2015-11-01 12:25:25 -0500
Processing by Api::V1::JokesController#index as JSON
  [1m[36mJoke Load (0.5ms)[0m  [1mSELECT "jokes".* FROM "jokes"[0m
Completed 200 OK in 8ms (Views: 6.9ms | ActiveRecord: 0.5ms)


Started GET "/api/v1/jokes" for 127.0.0.1 at 2015-11-01 12:31:57 -0500
Processing by Api::V1::JokesController#index as JSON
  [1m[35mJoke Load (0.5ms)[0m  SELECT "jokes".* FROM "jokes"
Completed 200 OK in 6ms (Views: 5.2ms | ActiveRecord: 0.5ms)


Started GET "/api/v1/jokes" for 127.0.0.1 at 2015-11-01 12:32:18 -0500
Processing by Api::V1::JokesController#index as JSON
  [1m[36mJoke Load (0.4ms)[0m  [1mSELECT "jokes".* FROM "jokes"[0m
Completed 200 OK in 5ms (Views: 4.0ms | ActiveRecord: 0.4ms)


Started GET "/api/v1/jokes" for 127.0.0.1 at 2015-11-01 12:36:36 -0500
Processing by Api::V1::JokesController#index as JSON
  [1m[35mJoke Load (0.5ms)[0m  SELECT "jokes".* FROM "jokes"
Completed 200 OK in 6ms (Views: 4.9ms | ActiveRecord: 0.5ms)


Started GET "/api/v1/jokes" for 127.0.0.1 at 2015-11-01 12:36:36 -0500
Processing by Api::V1::JokesController#index as JSON
  [1m[36mJoke Load (0.4ms)[0m  [1mSELECT "jokes".* FROM "jokes"[0m
Completed 200 OK in 6ms (Views: 5.7ms | ActiveRecord: 0.4ms)


Started GET "/api/v1/jokes" for 127.0.0.1 at 2015-11-01 12:36:36 -0500
Processing by Api::V1::JokesController#index as JSON
  [1m[35mJoke Load (0.4ms)[0m  SELECT "jokes".* FROM "jokes"
Completed 200 OK in 8ms (Views: 7.1ms | ActiveRecord: 0.4ms)


Started GET "/api/v1/jokes" for 127.0.0.1 at 2015-11-01 12:36:39 -0500
Processing by Api::V1::JokesController#index as JSON
  [1m[36mJoke Load (0.5ms)[0m  [1mSELECT "jokes".* FROM "jokes"[0m
Completed 200 OK in 6ms (Views: 5.2ms | ActiveRecord: 0.5ms)


Started GET "/api/v1/jokes" for 127.0.0.1 at 2015-11-01 12:37:18 -0500
Processing by Api::V1::JokesController#index as JSON
  [1m[35mJoke Load (0.5ms)[0m  SELECT "jokes".* FROM "jokes"
Completed 200 OK in 5ms (Views: 4.5ms | ActiveRecord: 0.5ms)


Started GET "/api/v1/jokes" for 127.0.0.1 at 2015-11-01 12:37:32 -0500
Processing by Api::V1::JokesController#index as JSON
  [1m[36mJoke Load (0.3ms)[0m  [1mSELECT "jokes".* FROM "jokes"[0m
Completed 200 OK in 5ms (Views: 4.4ms | ActiveRecord: 0.3ms)


Started GET "/api/v1/jokes" for 127.0.0.1 at 2015-11-01 13:23:39 -0500
Processing by Api::V1::JokesController#index as JSON
  [1m[35mJoke Load (0.8ms)[0m  SELECT "jokes".* FROM "jokes"
Completed 200 OK in 28ms (Views: 24.3ms | ActiveRecord: 0.8ms)


Started GET "/" for ::1 at 2015-11-01 13:45:39 -0500
Processing by Rails::WelcomeController#index as HTML
  Rendered /Users/JGert/.gem/ruby/2.1.5/gems/railties-4.2.4/lib/rails/templates/rails/welcome/index.html.erb (0.3ms)
Completed 200 OK in 106ms (Views: 106.0ms | ActiveRecord: 0.0ms)


Started GET "/api/v1/jokes" for 127.0.0.1 at 2015-11-01 13:45:48 -0500
Processing by Api::V1::JokesController#index as JSON
  [1m[36mJoke Load (0.4ms)[0m  [1mSELECT "jokes".* FROM "jokes"[0m
Completed 200 OK in 8ms (Views: 7.3ms | ActiveRecord: 0.4ms)


Started GET "/api/v1/jokes" for 127.0.0.1 at 2015-11-01 15:20:38 -0500
Processing by Api::V1::JokesController#index as JSON
  [1m[35mJoke Load (0.9ms)[0m  SELECT "jokes".* FROM "jokes"
Completed 200 OK in 12ms (Views: 10.6ms | ActiveRecord: 0.9ms)


Started GET "/api/v1/jokes" for 127.0.0.1 at 2015-11-01 15:26:40 -0500
Processing by Api::V1::JokesController#index as JSON
  [1m[36mJoke Load (0.5ms)[0m  [1mSELECT "jokes".* FROM "jokes"[0m
Completed 200 OK in 7ms (Views: 6.4ms | ActiveRecord: 0.5ms)
  [1m[36m (2360.8ms)[0m  [1mDROP DATABASE IF EXISTS "dad-jokes_development"[0m
  [1m[35m (750.7ms)[0m  DROP DATABASE IF EXISTS "dad-jokes_test"
  [1m[36m (2585.5ms)[0m  [1mCREATE DATABASE "dad-jokes_development" ENCODING = 'unicode'[0m
  [1m[35m (334.5ms)[0m  CREATE DATABASE "dad-jokes_test" ENCODING = 'unicode'
  [1m[36mSQL (72.1ms)[0m  [1mCREATE EXTENSION IF NOT EXISTS "plpgsql"[0m
  [1m[35m (284.8ms)[0m  CREATE TABLE "jokes" ("id" serial primary key, "setup" character varying NOT NULL, "punchline" character varying NOT NULL) 
  [1m[36m (29.6ms)[0m  [1mCREATE TABLE "schema_migrations" ("version" character varying NOT NULL) [0m
  [1m[35m (35.6ms)[0m  CREATE UNIQUE INDEX  "unique_schema_migrations" ON "schema_migrations"  ("version")
  [1m[36m (0.5ms)[0m  [1mSELECT version FROM "schema_migrations"[0m
  [1m[35m (1.5ms)[0m  INSERT INTO "schema_migrations" (version) VALUES ('20151031210610')
  [1m[36mSQL (0.4ms)[0m  [1mCREATE EXTENSION IF NOT EXISTS "plpgsql"[0m
  [1m[35m (74.1ms)[0m  CREATE TABLE "jokes" ("id" serial primary key, "setup" character varying NOT NULL, "punchline" character varying NOT NULL) 
  [1m[36m (4.9ms)[0m  [1mCREATE TABLE "schema_migrations" ("version" character varying NOT NULL) [0m
  [1m[35m (26.7ms)[0m  CREATE UNIQUE INDEX  "unique_schema_migrations" ON "schema_migrations"  ("version")
  [1m[36m (0.7ms)[0m  [1mSELECT version FROM "schema_migrations"[0m
  [1m[35m (1.7ms)[0m  INSERT INTO "schema_migrations" (version) VALUES ('20151031210610')
  [1m[36mActiveRecord::SchemaMigration Load (0.4ms)[0m  [1mSELECT "schema_migrations".* FROM "schema_migrations"[0m
  [1m[35m (0.1ms)[0m  BEGIN
  [1m[36mSQL (35.9ms)[0m  [1mINSERT INTO "jokes" ("setup", "punchline") VALUES ($1, $2) RETURNING "id"[0m  [["setup", "A roast beef sandwich walks into a bar"], ["punchline", "The bartender says \"Sorry, we don't serve food in here\""]]
  [1m[35m (1.4ms)[0m  COMMIT
  [1m[36m (0.2ms)[0m  [1mBEGIN[0m
  [1m[35mSQL (0.4ms)[0m  INSERT INTO "jokes" ("setup", "punchline") VALUES ($1, $2) RETURNING "id"  [["setup", "Did you hear about the Hispanic train thief?"], ["punchline", "He had loco motives."]]
  [1m[36m (2.9ms)[0m  [1mCOMMIT[0m
  [1m[35m (0.2ms)[0m  BEGIN
  [1m[36mSQL (0.4ms)[0m  [1mINSERT INTO "jokes" ("setup", "punchline") VALUES ($1, $2) RETURNING "id"[0m  [["setup", "Why did the scarecrow win an award?"], ["punchline", "Because he was outstanding in his field."]]
  [1m[35m (1.3ms)[0m  COMMIT
  [1m[36m (0.2ms)[0m  [1mBEGIN[0m
  [1m[35mSQL (0.3ms)[0m  INSERT INTO "jokes" ("setup", "punchline") VALUES ($1, $2) RETURNING "id"  [["setup", "Jim: \"I think that was the most beautiful wedding I've been to.\"\n          Sally: \"Why's that?\""], ["punchline", "Jim: \"Even the cake was in tiers!\""]]
  [1m[36m (1.3ms)[0m  [1mCOMMIT[0m


Started GET "/api/v1/jokes" for 127.0.0.1 at 2015-11-01 15:34:49 -0500
  [1m[36mActiveRecord::SchemaMigration Load (0.7ms)[0m  [1mSELECT "schema_migrations".* FROM "schema_migrations"[0m
Processing by Api::V1::JokesController#index as JSON
  [1m[35mJoke Load (0.8ms)[0m  SELECT "jokes".* FROM "jokes"
Completed 200 OK in 44ms (Views: 14.5ms | ActiveRecord: 5.4ms)


Started GET "/api/v1/jokes" for 127.0.0.1 at 2015-11-01 15:34:51 -0500
Processing by Api::V1::JokesController#index as JSON
  [1m[36mJoke Load (0.3ms)[0m  [1mSELECT "jokes".* FROM "jokes"[0m
Completed 200 OK in 1ms (Views: 0.9ms | ActiveRecord: 0.3ms)


Started GET "/api/v1/jokes" for 127.0.0.1 at 2015-11-01 15:34:51 -0500
Processing by Api::V1::JokesController#index as JSON
  [1m[35mJoke Load (0.3ms)[0m  SELECT "jokes".* FROM "jokes"
Completed 200 OK in 1ms (Views: 0.8ms | ActiveRecord: 0.3ms)


Started GET "/api/v1/jokes" for 127.0.0.1 at 2015-11-01 16:04:27 -0500
Processing by Api::V1::JokesController#index as JSON
  [1m[36mJoke Load (0.6ms)[0m  [1mSELECT "jokes".* FROM "jokes"[0m
Completed 200 OK in 4ms (Views: 2.6ms | ActiveRecord: 0.6ms)
